<?xml version="1.0" encoding="UTF-8"?>
<coverage generated="1528902330">
  <project timestamp="1528902330">
    <package name="TheAentMachine">
      <file name="/home/david/projects/aent/aent-console/src/AentApplication.php">
        <class name="TheAentMachine\AentApplication" namespace="TheAentMachine">
          <metrics complexity="3" methods="2" coveredmethods="0" conditionals="0" coveredconditionals="0" statements="7" coveredstatements="0" elements="9" coveredelements="0"/>
        </class>
        <line num="16" type="method" name="__construct" visibility="public" complexity="1" crap="2.00" count="0"/>
        <line num="18" type="stmt" count="0"/>
        <line num="19" type="stmt" count="0"/>
        <line num="20" type="stmt" count="0"/>
        <line num="21" type="stmt" count="0"/>
        <line num="26" type="method" name="find" visibility="public" complexity="2" crap="6.00" count="0"/>
        <line num="29" type="stmt" count="0"/>
        <line num="30" type="stmt" count="0"/>
        <line num="31" type="stmt" count="0"/>
        <metrics loc="34" ncloc="28" classes="1" methods="2" coveredmethods="0" conditionals="0" coveredconditionals="0" statements="7" coveredstatements="0" elements="9" coveredelements="0"/>
      </file>
      <file name="/home/david/projects/aent/aent-console/src/EventCommand.php">
        <class name="TheAentMachine\EventCommand" namespace="TheAentMachine">
          <metrics complexity="5" methods="2" coveredmethods="0" conditionals="0" coveredconditionals="0" statements="12" coveredstatements="0" elements="14" coveredelements="0"/>
        </class>
        <line num="31" type="method" name="configure" visibility="protected" complexity="1" crap="2.00" count="0"/>
        <line num="34" type="stmt" count="0"/>
        <line num="35" type="stmt" count="0"/>
        <line num="36" type="stmt" count="0"/>
        <line num="37" type="stmt" count="0"/>
        <line num="39" type="method" name="execute" visibility="protected" complexity="1" crap="2.00" count="0"/>
        <line num="41" type="stmt" count="0"/>
        <line num="42" type="stmt" count="0"/>
        <line num="44" type="stmt" count="0"/>
        <line num="46" type="stmt" count="0"/>
        <line num="47" type="stmt" count="0"/>
        <line num="48" type="stmt" count="0"/>
        <line num="50" type="stmt" count="0"/>
        <line num="51" type="stmt" count="0"/>
        <metrics loc="52" ncloc="43" classes="1" methods="2" coveredmethods="0" conditionals="0" coveredconditionals="0" statements="12" coveredstatements="0" elements="14" coveredelements="0"/>
      </file>
      <file name="/home/david/projects/aent/aent-console/src/Hercule.php">
        <class name="TheAentMachine\Hercule" namespace="TheAentMachine">
          <metrics complexity="2" methods="1" coveredmethods="0" conditionals="0" coveredconditionals="0" statements="8" coveredstatements="0" elements="9" coveredelements="0"/>
        </class>
        <line num="12" type="method" name="setHandledEvents" visibility="public" complexity="2" crap="6.00" count="0"/>
        <line num="14" type="stmt" count="0"/>
        <line num="15" type="stmt" count="0"/>
        <line num="16" type="stmt" count="0"/>
        <line num="19" type="stmt" count="0"/>
        <line num="20" type="stmt" count="0"/>
        <line num="21" type="stmt" count="0"/>
        <line num="23" type="stmt" count="0"/>
        <line num="24" type="stmt" count="0"/>
        <metrics loc="25" ncloc="21" classes="1" methods="1" coveredmethods="0" conditionals="0" coveredconditionals="0" statements="8" coveredstatements="0" elements="9" coveredelements="0"/>
      </file>
      <file name="/home/david/projects/aent/aent-console/src/Hermes.php">
        <class name="TheAentMachine\Hermes" namespace="TheAentMachine">
          <metrics complexity="8" methods="4" coveredmethods="0" conditionals="0" coveredconditionals="0" statements="20" coveredstatements="0" elements="24" coveredelements="0"/>
        </class>
        <line num="8" type="method" name="dispatch" visibility="public" complexity="3" crap="12.00" count="0"/>
        <line num="10" type="stmt" count="0"/>
        <line num="11" type="stmt" count="0"/>
        <line num="12" type="stmt" count="0"/>
        <line num="15" type="stmt" count="0"/>
        <line num="16" type="stmt" count="0"/>
        <line num="17" type="stmt" count="0"/>
        <line num="19" type="stmt" count="0"/>
        <line num="20" type="stmt" count="0"/>
        <line num="25" type="method" name="dispatchJson" visibility="public" complexity="1" crap="2.00" count="0"/>
        <line num="27" type="stmt" count="0"/>
        <line num="28" type="stmt" count="0"/>
        <line num="30" type="method" name="reply" visibility="public" complexity="3" crap="12.00" count="0"/>
        <line num="32" type="stmt" count="0"/>
        <line num="33" type="stmt" count="0"/>
        <line num="34" type="stmt" count="0"/>
        <line num="37" type="stmt" count="0"/>
        <line num="38" type="stmt" count="0"/>
        <line num="39" type="stmt" count="0"/>
        <line num="41" type="stmt" count="0"/>
        <line num="42" type="stmt" count="0"/>
        <line num="47" type="method" name="replyJson" visibility="public" complexity="1" crap="2.00" count="0"/>
        <line num="49" type="stmt" count="0"/>
        <line num="50" type="stmt" count="0"/>
        <metrics loc="51" ncloc="45" classes="1" methods="4" coveredmethods="0" conditionals="0" coveredconditionals="0" statements="20" coveredstatements="0" elements="24" coveredelements="0"/>
      </file>
      <file name="/home/david/projects/aent/aent-console/src/JsonEventCommand.php">
        <class name="TheAentMachine\JsonEventCommand" namespace="TheAentMachine">
          <metrics complexity="5" methods="1" coveredmethods="0" conditionals="0" coveredconditionals="0" statements="8" coveredstatements="0" elements="9" coveredelements="0"/>
        </class>
        <line num="23" type="method" name="executeEvent" visibility="protected" complexity="4" crap="20.00" count="0"/>
        <line num="25" type="stmt" count="0"/>
        <line num="26" type="stmt" count="0"/>
        <line num="28" type="stmt" count="0"/>
        <line num="29" type="stmt" count="0"/>
        <line num="30" type="stmt" count="0"/>
        <line num="31" type="stmt" count="0"/>
        <line num="34" type="stmt" count="0"/>
        <line num="35" type="stmt" count="0"/>
        <metrics loc="36" ncloc="30" classes="1" methods="1" coveredmethods="0" conditionals="0" coveredconditionals="0" statements="8" coveredstatements="0" elements="9" coveredelements="0"/>
      </file>
      <file name="/home/david/projects/aent/aent-console/src/LogLevelConfigurator.php">
        <class name="TheAentMachine\LogLevelConfigurator" namespace="TheAentMachine">
          <metrics complexity="2" methods="2" coveredmethods="0" conditionals="0" coveredconditionals="0" statements="5" coveredstatements="0" elements="7" coveredelements="0"/>
        </class>
        <line num="25" type="method" name="__construct" visibility="public" complexity="1" crap="2.00" count="0"/>
        <line num="27" type="stmt" count="0"/>
        <line num="28" type="stmt" count="0"/>
        <line num="34" type="method" name="configureLogLevel" visibility="public" complexity="1" crap="2.00" count="0"/>
        <line num="36" type="stmt" count="0"/>
        <line num="38" type="stmt" count="0"/>
        <line num="39" type="stmt" count="0"/>
        <metrics loc="40" ncloc="30" classes="1" methods="2" coveredmethods="0" conditionals="0" coveredconditionals="0" statements="5" coveredstatements="0" elements="7" coveredelements="0"/>
      </file>
      <file name="/home/david/projects/aent/aent-console/src/Pheromone.php">
        <class name="TheAentMachine\Pheromone" namespace="TheAentMachine">
          <metrics complexity="11" methods="6" coveredmethods="0" conditionals="0" coveredconditionals="0" statements="15" coveredstatements="0" elements="21" coveredelements="0"/>
        </class>
        <line num="26" type="method" name="getLogLevel" visibility="public" complexity="3" crap="12.00" count="0"/>
        <line num="28" type="stmt" count="0"/>
        <line num="30" type="stmt" count="0"/>
        <line num="31" type="stmt" count="0"/>
        <line num="34" type="stmt" count="0"/>
        <line num="35" type="stmt" count="0"/>
        <line num="38" type="stmt" count="0"/>
        <line num="41" type="method" name="getOrFail" visibility="private" complexity="2" crap="6.00" count="0"/>
        <line num="43" type="stmt" count="0"/>
        <line num="44" type="stmt" count="0"/>
        <line num="45" type="stmt" count="0"/>
        <line num="47" type="stmt" count="0"/>
        <line num="50" type="method" name="getWhoAmI" visibility="public" complexity="1" crap="2.00" count="0"/>
        <line num="52" type="stmt" count="0"/>
        <line num="58" type="method" name="getHostProjectDirectory" visibility="public" complexity="1" crap="2.00" count="0"/>
        <line num="60" type="stmt" count="0"/>
        <line num="66" type="method" name="getContainerProjectDirectory" visibility="public" complexity="1" crap="2.00" count="0"/>
        <line num="68" type="stmt" count="0"/>
        <line num="71" type="method" name="getOriginContainer" visibility="public" complexity="3" crap="12.00" count="0"/>
        <line num="73" type="stmt" count="0"/>
        <line num="74" type="stmt" count="0"/>
        <metrics loc="76" ncloc="62" classes="1" methods="6" coveredmethods="0" conditionals="0" coveredconditionals="0" statements="15" coveredstatements="0" elements="21" coveredelements="0"/>
      </file>
      <file name="/home/david/projects/aent/aent-console/src/VoidCommand.php">
        <class name="TheAentMachine\VoidCommand" namespace="TheAentMachine">
          <metrics complexity="4" methods="3" coveredmethods="0" conditionals="0" coveredconditionals="0" statements="6" coveredstatements="0" elements="9" coveredelements="0"/>
        </class>
        <line num="15" type="method" name="configure" visibility="protected" complexity="1" crap="2.00" count="0"/>
        <line num="17" type="stmt" count="0"/>
        <line num="18" type="stmt" count="0"/>
        <line num="19" type="stmt" count="0"/>
        <line num="21" type="method" name="getEventName" visibility="protected" complexity="1" crap="2.00" count="0"/>
        <line num="23" type="stmt" count="0"/>
        <line num="26" type="method" name="executeEvent" visibility="protected" complexity="2" crap="6.00" count="0"/>
        <line num="29" type="stmt" count="0"/>
        <line num="30" type="stmt" count="0"/>
        <metrics loc="31" ncloc="26" classes="1" methods="3" coveredmethods="0" conditionals="0" coveredconditionals="0" statements="6" coveredstatements="0" elements="9" coveredelements="0"/>
      </file>
    </package>
    <package name="TheAentMachine\Exception">
      <file name="/home/david/projects/aent/aent-console/src/Exception/AenthillException.php">
        <class name="TheAentMachine\Exception\AenthillException" namespace="TheAentMachine\Exception">
          <metrics complexity="0" methods="0" coveredmethods="0" conditionals="0" coveredconditionals="0" statements="0" coveredstatements="0" elements="0" coveredelements="0"/>
        </class>
        <metrics loc="7" ncloc="7" classes="0" methods="0" coveredmethods="0" conditionals="0" coveredconditionals="0" statements="0" coveredstatements="0" elements="0" coveredelements="0"/>
      </file>
      <file name="/home/david/projects/aent/aent-console/src/Exception/LogLevelException.php">
        <class name="TheAentMachine\Exception\LogLevelException" namespace="TheAentMachine\Exception">
          <metrics complexity="2" methods="2" coveredmethods="0" conditionals="0" coveredconditionals="0" statements="2" coveredstatements="0" elements="4" coveredelements="0"/>
        </class>
        <line num="6" type="method" name="invalidLogLevel" visibility="public" complexity="1" crap="2.00" count="0"/>
        <line num="8" type="stmt" count="0"/>
        <line num="11" type="method" name="emptyLogLevel" visibility="public" complexity="1" crap="2.00" count="0"/>
        <line num="13" type="stmt" count="0"/>
        <metrics loc="15" ncloc="15" classes="1" methods="2" coveredmethods="0" conditionals="0" coveredconditionals="0" statements="2" coveredstatements="0" elements="4" coveredelements="0"/>
      </file>
      <file name="/home/david/projects/aent/aent-console/src/Exception/MissingEnvironementVariableException.php">
        <class name="TheAentMachine\Exception\MissingEnvironementVariableException" namespace="TheAentMachine\Exception">
          <metrics complexity="1" methods="1" coveredmethods="0" conditionals="0" coveredconditionals="0" statements="1" coveredstatements="0" elements="2" coveredelements="0"/>
        </class>
        <line num="9" type="method" name="missingEnv" visibility="public" complexity="1" crap="2.00" count="0"/>
        <line num="11" type="stmt" count="0"/>
        <metrics loc="13" ncloc="13" classes="1" methods="1" coveredmethods="0" conditionals="0" coveredconditionals="0" statements="1" coveredstatements="0" elements="2" coveredelements="0"/>
      </file>
    </package>
    <package name="TheAentMachine\Registry">
      <file name="/home/david/projects/aent/aent-console/src/Registry/RegistryClient.php">
        <class name="TheAentMachine\Registry\RegistryClient" namespace="TheAentMachine\Registry">
          <metrics complexity="1" methods="1" coveredmethods="1" conditionals="0" coveredconditionals="0" statements="6" coveredstatements="6" elements="7" coveredelements="7"/>
        </class>
        <line num="17" type="method" name="getImageTagsOnDockerHub" visibility="public" complexity="1" crap="1" count="1"/>
        <line num="19" type="stmt" count="1"/>
        <line num="20" type="stmt" count="1"/>
        <line num="22" type="stmt" count="1"/>
        <line num="25" type="stmt" count="1"/>
        <line num="26" type="stmt" count="1"/>
        <line num="28" type="stmt" count="1"/>
        <metrics loc="30" ncloc="25" classes="1" methods="1" coveredmethods="1" conditionals="0" coveredconditionals="0" statements="6" coveredstatements="6" elements="7" coveredelements="7"/>
      </file>
    </package>
    <metrics files="12" loc="410" ncloc="345" classes="11" methods="25" coveredmethods="1" conditionals="0" coveredconditionals="0" statements="90" coveredstatements="6" elements="115" coveredelements="7"/>
  </project>
</coverage>
